<?xml version="1.0" encoding="UTF-8"?>
<!-- Generated by org.testng.reporters.JUnitXMLReporter -->
<testsuite hostname="DESKTOP-VB4B7P9" name="Default test" tests="3" failures="0" timestamp="28 Feb 2021 14:21:08 GMT" time="12.005" errors="0">
  <testcase name="HappyPath" time="1.893" classname="com.exercise.SqeDemoTest"/>
  <testcase name="negativeTest" time="1.438" classname="com.exercise.SqeDemoTest"/>
  <testcase name="demoTest" time="0.002" classname="com.sample.test.demo.tests.DemoTest"/>
</testsuite> <!-- Default test -->
