<?xml version="1.0" encoding="UTF-8"?>
<testng-results skipped="0" failed="0" total="3" passed="3">
  <reporter-output>
  </reporter-output>
  <suite name="Default suite" duration-ms="12005" started-at="2021-02-28T14:20:56Z" finished-at="2021-02-28T14:21:08Z">
    <groups>
    </groups>
    <test name="Default test" duration-ms="12005" started-at="2021-02-28T14:20:56Z" finished-at="2021-02-28T14:21:08Z">
      <class name="com.exercise.SqeDemoTest">
        <test-method status="PASS" signature="init()[pri:0, instance:com.exercise.SqeDemoTest@6aaa5eb0]" name="init" is-config="true" duration-ms="4187" started-at="2021-02-28T09:20:56Z" finished-at="2021-02-28T09:21:00Z">
          <reporter-output>
          </reporter-output>
        </test-method> <!-- init -->
        <test-method status="PASS" signature="HappyPath()[pri:0, instance:com.exercise.SqeDemoTest@6aaa5eb0]" name="HappyPath" duration-ms="1893" started-at="2021-02-28T09:21:00Z" finished-at="2021-02-28T09:21:02Z">
          <reporter-output>
          </reporter-output>
        </test-method> <!-- HappyPath -->
        <test-method status="PASS" signature="negativeTest()[pri:0, instance:com.exercise.SqeDemoTest@6aaa5eb0]" name="negativeTest" duration-ms="1438" started-at="2021-02-28T09:21:02Z" finished-at="2021-02-28T09:21:04Z">
          <reporter-output>
          </reporter-output>
        </test-method> <!-- negativeTest -->
        <test-method status="PASS" signature="tearDown()[pri:0, instance:com.exercise.SqeDemoTest@6aaa5eb0]" name="tearDown" is-config="true" duration-ms="937" started-at="2021-02-28T09:21:04Z" finished-at="2021-02-28T09:21:05Z">
          <reporter-output>
          </reporter-output>
        </test-method> <!-- tearDown -->
      </class> <!-- com.exercise.SqeDemoTest -->
      <class name="com.sample.test.demo.tests.DemoTest">
        <test-method status="PASS" signature="init()[pri:0, instance:com.sample.test.demo.tests.DemoTest@3498ed]" name="init" is-config="true" duration-ms="2705" started-at="2021-02-28T09:21:05Z" finished-at="2021-02-28T09:21:07Z">
          <reporter-output>
          </reporter-output>
        </test-method> <!-- init -->
        <test-method status="PASS" signature="demoTest()[pri:0, instance:com.sample.test.demo.tests.DemoTest@3498ed]" name="demoTest" duration-ms="2" started-at="2021-02-28T09:21:07Z" finished-at="2021-02-28T09:21:07Z">
          <reporter-output>
          </reporter-output>
        </test-method> <!-- demoTest -->
        <test-method status="PASS" signature="tearDown()[pri:0, instance:com.sample.test.demo.tests.DemoTest@3498ed]" name="tearDown" is-config="true" duration-ms="827" started-at="2021-02-28T09:21:07Z" finished-at="2021-02-28T09:21:08Z">
          <reporter-output>
          </reporter-output>
        </test-method> <!-- tearDown -->
      </class> <!-- com.sample.test.demo.tests.DemoTest -->
    </test> <!-- Default test -->
  </suite> <!-- Default suite -->
</testng-results>
